2020-11-01 21:31:28,514 INFO org.springframework.boot.StartupInfoLogger [main] Starting HistoricWeatherApplication on cgiadmins-MacBook-Pro.local with PID 46446 (/Users/richardliu/github/again/historic-weather-app/build/libs/historic-weather-0.0.1-SNAPSHOT.jar started by richardliu in /Users/richardliu/github/again/historic-weather-app/build/libs)
2020-11-01 21:31:28,522 DEBUG org.springframework.boot.StartupInfoLogger [main] Running with Spring Boot v2.0.6.RELEASE, Spring v5.0.10.RELEASE
2020-11-01 21:31:28,526 INFO org.springframework.boot.SpringApplication [main] No active profile set, falling back to default profiles: default
2020-11-01 21:31:28,600 INFO org.springframework.context.support.AbstractApplicationContext [main] Refreshing org.springframework.boot.web.servlet.context.AnnotationConfigServletWebServerApplicationContext@3f102e87: startup date [Sun Nov 01 21:31:28 EST 2020]; root of context hierarchy
2020-11-01 21:31:29,949 INFO org.springframework.context.support.PostProcessorRegistrationDelegate$BeanPostProcessorChecker [main] Bean 'org.springframework.transaction.annotation.ProxyTransactionManagementConfiguration' of type [org.springframework.transaction.annotation.ProxyTransactionManagementConfiguration$$EnhancerBySpringCGLIB$$58728665] is not eligible for getting processed by all BeanPostProcessors (for example: not eligible for auto-proxying)
2020-11-01 21:31:30,565 INFO org.springframework.boot.web.embedded.tomcat.TomcatWebServer [main] Tomcat initialized with port(s): 8080 (http)
2020-11-01 21:31:30,595 INFO org.apache.juli.logging.DirectJDKLog [main] Initializing ProtocolHandler ["http-nio-8080"]
2020-11-01 21:31:30,617 INFO org.apache.juli.logging.DirectJDKLog [main] Starting service [Tomcat]
2020-11-01 21:31:30,617 INFO org.apache.juli.logging.DirectJDKLog [main] Starting Servlet Engine: Apache Tomcat/8.5.34
2020-11-01 21:31:30,633 INFO org.apache.juli.logging.DirectJDKLog [localhost-startStop-1] The APR based Apache Tomcat Native library which allows optimal performance in production environments was not found on the java.library.path: [/Users/richardliu/Library/Java/Extensions:/Library/Java/Extensions:/Network/Library/Java/Extensions:/System/Library/Java/Extensions:/usr/lib/java:.]
2020-11-01 21:31:30,739 INFO org.apache.juli.logging.DirectJDKLog [localhost-startStop-1] Initializing Spring embedded WebApplicationContext
2020-11-01 21:31:30,740 INFO org.springframework.boot.web.servlet.context.ServletWebServerApplicationContext [localhost-startStop-1] Root WebApplicationContext: initialization completed in 2140 ms
2020-11-01 21:31:30,810 INFO org.springframework.boot.web.servlet.ServletRegistrationBean [localhost-startStop-1] Servlet dispatcherServlet mapped to [/]
2020-11-01 21:31:30,815 INFO org.springframework.boot.web.servlet.AbstractFilterRegistrationBean [localhost-startStop-1] Mapping filter: 'characterEncodingFilter' to: [/*]
2020-11-01 21:31:30,816 INFO org.springframework.boot.web.servlet.AbstractFilterRegistrationBean [localhost-startStop-1] Mapping filter: 'hiddenHttpMethodFilter' to: [/*]
2020-11-01 21:31:30,816 INFO org.springframework.boot.web.servlet.AbstractFilterRegistrationBean [localhost-startStop-1] Mapping filter: 'httpPutFormContentFilter' to: [/*]
2020-11-01 21:31:30,817 INFO org.springframework.boot.web.servlet.AbstractFilterRegistrationBean [localhost-startStop-1] Mapping filter: 'requestContextFilter' to: [/*]
2020-11-01 21:31:31,046 INFO com.zaxxer.hikari.HikariDataSource [main] HikariPool-1 - Starting...
2020-11-01 21:31:31,298 INFO com.zaxxer.hikari.HikariDataSource [main] HikariPool-1 - Start completed.
2020-11-01 21:31:31,318 INFO org.springframework.jdbc.datasource.init.ScriptUtils [main] Executing SQL script from URL [jar:file:/Users/richardliu/github/again/historic-weather-app/build/libs/historic-weather-0.0.1-SNAPSHOT.jar!/BOOT-INF/classes!/schema.sql]
2020-11-01 21:31:31,583 INFO org.springframework.jdbc.datasource.init.ScriptUtils [main] Executed SQL script from URL [jar:file:/Users/richardliu/github/again/historic-weather-app/build/libs/historic-weather-0.0.1-SNAPSHOT.jar!/BOOT-INF/classes!/schema.sql] in 264 ms.
2020-11-01 21:31:31,715 INFO org.springframework.orm.jpa.LocalContainerEntityManagerFactoryBean [main] Building JPA container EntityManagerFactory for persistence unit 'default'
2020-11-01 21:31:31,752 INFO org.hibernate.jpa.internal.util.LogHelper [main] HHH000204: Processing PersistenceUnitInfo [
	name: default
	...]
2020-11-01 21:31:31,874 INFO org.hibernate.Version [main] HHH000412: Hibernate Core {5.2.17.Final}
2020-11-01 21:31:31,876 INFO org.hibernate.cfg.Environment [main] HHH000206: hibernate.properties not found
2020-11-01 21:31:31,934 INFO org.hibernate.annotations.common.reflection.java.JavaReflectionManager [main] HCANN000001: Hibernate Commons Annotations {5.0.1.Final}
2020-11-01 21:31:32,155 INFO org.hibernate.dialect.Dialect [main] HHH000400: Using dialect: org.hibernate.dialect.H2Dialect
2020-11-01 21:31:32,823 INFO org.springframework.orm.jpa.AbstractEntityManagerFactoryBean [main] Initialized JPA EntityManagerFactory for persistence unit 'default'
2020-11-01 21:31:33,185 INFO org.hibernate.hql.internal.QueryTranslatorFactoryInitiator [main] HHH000397: Using ASTQueryTranslatorFactory
2020-11-01 21:31:33,431 INFO org.springframework.web.servlet.handler.AbstractUrlHandlerMapping [main] Mapped URL path [/**/favicon.ico] onto handler of type [class org.springframework.web.servlet.resource.ResourceHttpRequestHandler]
2020-11-01 21:31:33,739 INFO org.springframework.web.servlet.mvc.method.annotation.RequestMappingHandlerAdapter [main] Looking for @ControllerAdvice: org.springframework.boot.web.servlet.context.AnnotationConfigServletWebServerApplicationContext@3f102e87: startup date [Sun Nov 01 21:31:28 EST 2020]; root of context hierarchy
2020-11-01 21:31:33,797 WARN org.springframework.boot.autoconfigure.orm.jpa.JpaBaseConfiguration$JpaWebConfiguration$JpaWebMvcConfiguration [main] spring.jpa.open-in-view is enabled by default. Therefore, database queries may be performed during view rendering. Explicitly configure spring.jpa.open-in-view to disable this warning
2020-11-01 21:31:33,849 INFO org.springframework.web.servlet.handler.AbstractHandlerMethodMapping$MappingRegistry [main] Mapped "{[/historic-weather/search],methods=[POST]}" onto public org.springframework.http.ResponseEntity<?> ca.weather.historic.service.web.controllers.HistoricWeatherController.search(ca.weather.historic.service.model.SearchCriteria,org.springframework.validation.Errors) throws java.text.ParseException
2020-11-01 21:31:33,851 INFO org.springframework.web.servlet.handler.AbstractHandlerMethodMapping$MappingRegistry [main] Mapped "{[/historic-weather/home]}" onto public java.lang.String ca.weather.historic.service.web.controllers.HistoricWeatherController.basedPage(java.util.Map<java.lang.String, java.lang.Object>)
2020-11-01 21:31:33,852 INFO org.springframework.web.servlet.handler.AbstractHandlerMethodMapping$MappingRegistry [main] Mapped "{[/historic-weather/detail/{id}],methods=[GET]}" onto public java.lang.String ca.weather.historic.service.web.controllers.HistoricWeatherController.detailPage(java.util.Map<java.lang.String, java.lang.Object>,java.lang.Long)
2020-11-01 21:31:33,856 INFO org.springframework.web.servlet.handler.AbstractHandlerMethodMapping$MappingRegistry [main] Mapped "{[/error]}" onto public org.springframework.http.ResponseEntity<java.util.Map<java.lang.String, java.lang.Object>> org.springframework.boot.autoconfigure.web.servlet.error.BasicErrorController.error(javax.servlet.http.HttpServletRequest)
2020-11-01 21:31:33,857 INFO org.springframework.web.servlet.handler.AbstractHandlerMethodMapping$MappingRegistry [main] Mapped "{[/error],produces=[text/html]}" onto public org.springframework.web.servlet.ModelAndView org.springframework.boot.autoconfigure.web.servlet.error.BasicErrorController.errorHtml(javax.servlet.http.HttpServletRequest,javax.servlet.http.HttpServletResponse)
2020-11-01 21:31:33,896 INFO org.springframework.web.servlet.handler.AbstractUrlHandlerMapping [main] Mapped URL path [/webjars/**] onto handler of type [class org.springframework.web.servlet.resource.ResourceHttpRequestHandler]
2020-11-01 21:31:33,896 INFO org.springframework.web.servlet.handler.AbstractUrlHandlerMapping [main] Mapped URL path [/**] onto handler of type [class org.springframework.web.servlet.resource.ResourceHttpRequestHandler]
2020-11-01 21:31:34,271 INFO org.springframework.jmx.export.MBeanExporter [main] Registering beans for JMX exposure on startup
2020-11-01 21:31:34,273 INFO org.springframework.jmx.export.MBeanExporter [main] Bean with name 'dataSource' has been autodetected for JMX exposure
2020-11-01 21:31:34,279 INFO org.springframework.jmx.export.MBeanExporter [main] Located MBean 'dataSource': registering with JMX server as MBean [com.zaxxer.hikari:name=dataSource,type=HikariDataSource]
2020-11-01 21:31:34,291 INFO org.apache.juli.logging.DirectJDKLog [main] Starting ProtocolHandler ["http-nio-8080"]
2020-11-01 21:31:34,325 INFO org.apache.juli.logging.DirectJDKLog [main] Using a shared selector for servlet write/read
2020-11-01 21:31:34,342 INFO org.springframework.boot.web.embedded.tomcat.TomcatWebServer [main] Tomcat started on port(s): 8080 (http) with context path ''
2020-11-01 21:31:34,345 INFO org.springframework.boot.StartupInfoLogger [main] Started HistoricWeatherApplication in 6.569 seconds (JVM running for 7.224)
2020-11-01 21:31:52,681 INFO org.apache.juli.logging.DirectJDKLog [http-nio-8080-exec-1] Initializing Spring FrameworkServlet 'dispatcherServlet'
2020-11-01 21:31:52,682 INFO org.springframework.web.servlet.FrameworkServlet [http-nio-8080-exec-1] FrameworkServlet 'dispatcherServlet': initialization started
2020-11-01 21:31:52,707 INFO org.springframework.web.servlet.FrameworkServlet [http-nio-8080-exec-1] FrameworkServlet 'dispatcherServlet': initialization completed in 25 ms
2020-11-01 21:31:52,753 INFO ca.weather.historic.service.web.controllers.HistoricWeatherController [http-nio-8080-exec-1] Entering into home page handler
